
****************************
***        V = 0         ***
****************************

--- astar.trace ---
Cache Settings
C: 15
B: 5
S: 3
V: 0
K: 3

Cache Statistics
Accesses: 501468
Reads: 289766
Read misses: 11145
Read misses combined: 11145
Writes: 211702
Write misses: 38821
Write misses combined: 38821
Misses: 49966
Writebacks: 38344
Victim cache misses: 0
Sub-block misses: 2035
Bytes transferred to/from memory: 2748384
Hit Time: 2.800000
Miss Penalty: 100.000000
Miss rate: 0.103698
Average access time (AAT): 13.169754

--- bzip2.trace ---
Cache Settings
C: 15
B: 5
S: 3
V: 0
K: 3

Cache Statistics
Accesses: 544514
Reads: 369344
Read misses: 851
Read misses combined: 851
Writes: 175170
Write misses: 817
Write misses combined: 817
Misses: 1668
Writebacks: 298
Victim cache misses: 0
Sub-block misses: 50
Bytes transferred to/from memory: 62768
Hit Time: 2.800000
Miss Penalty: 100.000000
Miss rate: 0.003155
Average access time (AAT): 3.115511

--- mcf.trace ---
Cache Settings
C: 15
B: 5
S: 3
V: 0
K: 3

Cache Statistics
Accesses: 507700
Reads: 280182
Read misses: 1542
Read misses combined: 1542
Writes: 227518
Write misses: 7721
Write misses combined: 7721
Misses: 9263
Writebacks: 8044
Victim cache misses: 0
Sub-block misses: 4093
Bytes transferred to/from memory: 421624
Hit Time: 2.800000
Miss Penalty: 100.000000
Miss rate: 0.026307
Average access time (AAT): 5.430687

--- perlbench.trace ---
Cache Settings
C: 15
B: 5
S: 3
V: 0
K: 3

Cache Statistics
Accesses: 507441
Reads: 302052
Read misses: 14024
Read misses combined: 14024
Writes: 205389
Write misses: 7979
Write misses combined: 7979
Misses: 22003
Writebacks: 10213
Victim cache misses: 0
Sub-block misses: 6260
Bytes transferred to/from memory: 845440
Hit Time: 2.800000
Miss Penalty: 100.000000
Miss rate: 0.055697
Average access time (AAT): 8.369712
